<?xml version="1.0" encoding="UTF-8"?>
<Site BuildName="(empty)"
	BuildStamp="20220913-1248-Experimental"
	Name="(empty)"
	Generator="ctest-3.23.22060601-MSVC_2"
	CompilerName=""
	CompilerVersion=""
	OSName="Windows"
	Hostname="SIRENE08"
	OSRelease=" Professional"
	OSVersion=" (Build 19044)"
	OSPlatform="AMD64"
	Is64Bits="1"
	VendorString="GenuineIntel"
	VendorID="Intel Corporation"
	FamilyID="6"
	ModelID="14"
	ProcessorCacheSize="-1"
	NumberOfLogicalCPU="12"
	NumberOfPhysicalCPU="6"
	TotalVirtualMemory="37548"
	TotalPhysicalMemory="32684"
	LogicalProcessorsPerPhysical="2"
	ProcessorClockFrequency="3192"
	>
	<Testing>
		<StartDateTime>Sep 13 14:48 Central Europe Daylight Time</StartDateTime>
		<StartTestTime>1663073313</StartTestTime>
		<TestList/>
		<EndDateTime>Sep 13 14:48 Central Europe Daylight Time</EndDateTime>
		<EndTestTime>1663073313</EndTestTime>
		<ElapsedMinutes>0</ElapsedMinutes>
	</Testing>
</Site>
